<?xml version="1.0" encoding="UTF-8"?>
<testng-results ignored="0" total="4" passed="4" failed="0" skipped="0">
  <reporter-output>
  </reporter-output>
  <suite started-at="2020-11-01T17:45:30 IST" name="Functional Test Case for Testing Balzedemo" finished-at="2020-11-01T17:45:57 IST" duration-ms="26530">
    <groups>
    </groups>
    <test started-at="2020-11-01T17:45:30 IST" name="regression" finished-at="2020-11-01T17:45:57 IST" duration-ms="26530">
      <class name="Blazedemo.Test.FlightBookingTest">
        <test-method is-config="true" signature="setUp()[pri:0, instance:Blazedemo.Test.FlightBookingTest@3439f68d]" started-at="2020-11-01T17:45:30 IST" name="setUp" finished-at="2020-11-01T17:45:47 IST" duration-ms="16410" status="PASS">
          <reporter-output>
          </reporter-output>
        </test-method> <!-- setUp -->
        <test-method signature="Booking_verify_landingpage()[pri:0, instance:Blazedemo.Test.FlightBookingTest@3439f68d]" started-at="2020-11-01T17:45:47 IST" name="Booking_verify_landingpage" finished-at="2020-11-01T17:45:49 IST" duration-ms="2100" status="PASS">
          <reporter-output>
          </reporter-output>
        </test-method> <!-- Booking_verify_landingpage -->
        <test-method signature="Booking_verify_chooseFlight()[pri:1, instance:Blazedemo.Test.FlightBookingTest@3439f68d]" started-at="2020-11-01T17:45:49 IST" name="Booking_verify_chooseFlight" finished-at="2020-11-01T17:45:51 IST" duration-ms="1635" status="PASS">
          <reporter-output>
          </reporter-output>
        </test-method> <!-- Booking_verify_chooseFlight -->
        <test-method signature="Booking_verify_purchasepage()[pri:2, instance:Blazedemo.Test.FlightBookingTest@3439f68d]" started-at="2020-11-01T17:45:51 IST" name="Booking_verify_purchasepage" finished-at="2020-11-01T17:45:55 IST" duration-ms="4057" status="PASS">
          <reporter-output>
          </reporter-output>
        </test-method> <!-- Booking_verify_purchasepage -->
        <test-method signature="Booking_verify_confirmationpage()[pri:3, instance:Blazedemo.Test.FlightBookingTest@3439f68d]" started-at="2020-11-01T17:45:55 IST" name="Booking_verify_confirmationpage" finished-at="2020-11-01T17:45:55 IST" duration-ms="174" status="PASS">
          <reporter-output>
          </reporter-output>
        </test-method> <!-- Booking_verify_confirmationpage -->
        <test-method is-config="true" signature="tearDown()[pri:0, instance:Blazedemo.Test.FlightBookingTest@3439f68d]" started-at="2020-11-01T17:45:55 IST" name="tearDown" finished-at="2020-11-01T17:45:57 IST" duration-ms="2025" status="PASS">
          <reporter-output>
          </reporter-output>
        </test-method> <!-- tearDown -->
      </class> <!-- Blazedemo.Test.FlightBookingTest -->
    </test> <!-- regression -->
  </suite> <!-- Functional Test Case for Testing Balzedemo -->
</testng-results>
